<?xml version="1.0" encoding="UTF-8"?>
<!-- Generated by org.testng.reporters.JUnitReportReporter -->
<testsuite skipped="0" hostname="Madans-MacBook-Pro.local" name="MyRunner.TestRunner" tests="1" failures="0" timestamp="03 Oct 2021 14:53:33 GMT" time="20.784" errors="0">
  <testcase name="feature" time="20.784" classname="MyRunner.TestRunner"/>
</testsuite> <!-- MyRunner.TestRunner -->
