<?xml version="1.0" encoding="UTF-8"?>
<!-- Generated by org.testng.reporters.JUnitReportReporter -->
<testsuite skipped="0" hostname="Madans-MacBook-Pro.local" name="testrunner.Testrunner" tests="1" failures="0" timestamp="12 Sep 2021 10:25:52 GMT" time="9.030" errors="0">
  <testcase name="feature" time="9.030" classname="testrunner.Testrunner"/>
</testsuite> <!-- testrunner.Testrunner -->
