<?xml version="1.0" encoding="UTF-8"?>
<!-- Generated by org.testng.reporters.JUnitReportReporter -->
<testsuite skipped="0" hostname="Madans-MacBook-Pro.local" name="testrunner.Testrunner" tests="1" failures="0" timestamp="11 Sep 2021 17:08:49 GMT" time="12.365" errors="0">
  <testcase name="feature" time="12.365" classname="testrunner.Testrunner"/>
</testsuite> <!-- testrunner.Testrunner -->
